<?xml version="1.0" encoding="UTF-8"?>
<!-- Generated by org.testng.reporters.JUnitReportReporter -->
<testsuite hostname="DESKTOP-V0383Q3" failures="0" tests="1" name="login.Git_Login.Login" time="47.258" errors="0" timestamp="2022-08-13T14:54:59 IST" skipped="0">
  <testcase classname="login.Git_Login.Login" name="f" time="47.258"/>
  <system-out/>
</testsuite> <!-- login.Git_Login.Login -->
